<?xml version="1.0" encoding="UTF-8"?>
<!-- Generated by org.testng.reporters.JUnitReportReporter -->
<testsuite skipped="0" hostname="LAPTOP-7AC8DSN0" name="tests.AllTests" tests="1" failures="0" timestamp="07 Sep 2020 15:49:26 GMT" time="108.935" errors="0">
  <testcase name="createTicket" time="108.935" classname="tests.AllTests"/>
</testsuite> <!-- tests.AllTests -->
